<?xml version="1.0" encoding="UTF-8"?>
<testng-results ignored="0" total="1" passed="1" failed="0" skipped="0">
  <reporter-output>
  </reporter-output>
  <suite started-at="2025-07-04T18:21:50 IST" name="Parallel Cucumber Tests" finished-at="2025-07-04T18:22:26 IST" duration-ms="35957">
    <groups>
      <group name="cucumber">
        <method signature="AbstractTestNGCucumberTests.runScenario(io.cucumber.testng.PickleWrapper,io.cucumber.testng.FeatureWrapper)[pri:0, instance:runner.TestRunner@30c15d8b]" name="runScenario" class="io.cucumber.testng.AbstractTestNGCucumberTests"/>
      </group> <!-- cucumber -->
    </groups>
    <test started-at="2025-07-04T18:21:50 IST" name="TestChrome" finished-at="2025-07-04T18:22:26 IST" duration-ms="35957">
      <class name="runner.TestRunner">
        <test-method is-config="true" signature="setUpClass(org.testng.ITestContext)[pri:0, instance:runner.TestRunner@30c15d8b]" started-at="2025-07-04T18:21:50 IST" name="setUpClass" finished-at="2025-07-04T18:21:51 IST" duration-ms="1083" status="PASS">
          <params>
            <param index="0">
              <value>
                <![CDATA[org.testng.TestRunner@780ec4a5]]>
              </value>
            </param>
          </params>
          <reporter-output>
          </reporter-output>
        </test-method> <!-- setUpClass -->
        <test-method signature="runScenario(io.cucumber.testng.PickleWrapper,io.cucumber.testng.FeatureWrapper)[pri:0, instance:runner.TestRunner@30c15d8b]" started-at="2025-07-04T18:21:51 IST" name="runScenario" description="Runs Cucumber Scenarios" data-provider="scenarios" finished-at="2025-07-04T18:22:26 IST" duration-ms="34734" status="PASS">
          <params>
            <param index="0">
              <value>
                <![CDATA["Login with valid credentials and delete the account"]]>
              </value>
            </param>
            <param index="1">
              <value>
                <![CDATA["Login and Delete Account on AutomationExercise website"]]>
              </value>
            </param>
          </params>
          <reporter-output>
          </reporter-output>
        </test-method> <!-- runScenario -->
        <test-method is-config="true" signature="tearDownClass()[pri:0, instance:runner.TestRunner@30c15d8b]" started-at="2025-07-04T18:22:26 IST" name="tearDownClass" finished-at="2025-07-04T18:22:26 IST" duration-ms="50" status="PASS">
          <reporter-output>
          </reporter-output>
        </test-method> <!-- tearDownClass -->
      </class> <!-- runner.TestRunner -->
    </test> <!-- TestChrome -->
  </suite> <!-- Parallel Cucumber Tests -->
</testng-results>
