<?xml version="1.0" encoding="UTF-8"?>
<!-- Generated by org.testng.reporters.JUnitXMLReporter -->
<testsuite ignored="0" hostname="DESKTOP-T7IHCJ8" failures="1" tests="1" name="TestFireFox" time="6.243" errors="0" timestamp="2025-07-03T18:18:46 IST">
  <testcase classname="io.cucumber.testng.AbstractTestNGCucumberTests" name="runScenario" time="4.781">
    <failure type="java.lang.NullPointerException" message="Cannot invoke &amp;quot;org.openqa.selenium.WebDriver.get(String)&amp;quot; because &amp;quot;this.driver&amp;quot; is null">
      <![CDATA[java.lang.NullPointerException: Cannot invoke "org.openqa.selenium.WebDriver.get(String)" because "this.driver" is null
at Steps.RegisterUser_Steps.i_navigate_to_url(RegisterUser_Steps.java:22)
at ✽.I navigate to url "http://automationexercise.com"(file:///C:/Users/jayud/OneDrive/Desktop/Framework/com.AutomationExercideBDD/src/test/resources/Features/RegisterUser.feature:5)
]]>
    </failure>
  </testcase> <!-- runScenario -->
</testsuite> <!-- TestFireFox -->
