<?xml version="1.0" encoding="UTF-8"?>
<!-- Generated by org.testng.reporters.JUnitReportReporter -->
<testsuite hostname="DESKTOP-T7IHCJ8" failures="1" tests="1" name="runner.Runner" time="20.803" errors="0" timestamp="2025-07-01T14:36:31 IST" skipped="0">
  <testcase classname="runner.Runner" name="runScenario" time="20.803">
    <failure message="expected [12325TestUser2] but found [123TestUser]" type="java.lang.AssertionError">
      <![CDATA[java.lang.AssertionError: expected [12325TestUser2] but found [123TestUser]
at org.testng.Assert.fail(Assert.java:111)
at org.testng.Assert.failNotEquals(Assert.java:1590)
at org.testng.Assert.assertEqualsImpl(Assert.java:150)
at org.testng.Assert.assertEquals(Assert.java:132)
at org.testng.Assert.assertEquals(Assert.java:656)
at org.testng.Assert.assertEquals(Assert.java:666)
at Steps.RegisterUser_Steps.i_should_see_logged_in_as_test_user_is_visible(RegisterUser_Steps.java:140)
at ✽.I should see Logged in as "12325TestUser2" is visible(file:///C:/Users/jayud/OneDrive/Desktop/Framework/com.AutomationExercideBDD/src/test/resources/Features/RegisterUser.feature:18)
]]>
    </failure>
  </testcase> <!-- runScenario -->
</testsuite> <!-- runner.Runner -->
